<?xml version="1.0" encoding="UTF-8"?>
<!-- Generated by org.testng.reporters.JUnitReportReporter -->
<testsuite skipped="0" hostname="hp-PC" name="TestRunner.TestRunner" tests="2" failures="0" timestamp="02 May 2020 16:14:48 GMT" time="52.739" errors="0">
  <testcase name="feature" time="27.513" classname="TestRunner.TestRunner"/>
  <testcase name="feature" time="25.226" classname="TestRunner.TestRunner"/>
</testsuite> <!-- TestRunner.TestRunner -->
